{
  "W:\\alina\\projects\\lnrzhkv-REACT2025Q3\\src\\components\\App\\App.tsx": {
    "path": "W:\\alina\\projects\\lnrzhkv-REACT2025Q3\\src\\components\\App\\App.tsx",
    "statementMap": {
      "0": {
        "start": { "line": 1, "column": 0 },
        "end": { "line": 1, "column": 26 }
      },
      "1": {
        "start": { "line": 2, "column": 0 },
        "end": { "line": 2, "column": null }
      },
      "2": {
        "start": { "line": 6, "column": 0 },
        "end": { "line": 6, "column": 38 }
      },
      "3": {
        "start": { "line": 7, "column": 0 },
        "end": { "line": 7, "column": 53 }
      },
      "4": {
        "start": { "line": 8, "column": 0 },
        "end": { "line": 8, "column": 38 }
      },
      "5": {
        "start": { "line": 10, "column": 0 },
        "end": { "line": 10, "column": 57 }
      },
      "6": {
        "start": { "line": 11, "column": 0 },
        "end": { "line": 11, "column": 41 }
      },
      "7": {
        "start": { "line": 12, "column": 0 },
        "end": { "line": 12, "column": 68 }
      },
      "8": {
        "start": { "line": 18, "column": 4 },
        "end": { "line": 18, "column": 17 }
      },
      "9": {
        "start": { "line": 19, "column": 4 },
        "end": { "line": 26, "column": 6 }
      },
      "10": {
        "start": { "line": 30, "column": 4 },
        "end": { "line": 30, "column": 42 }
      },
      "11": {
        "start": { "line": 33, "column": 14 },
        "end": { "line": 53, "column": 3 }
      },
      "12": {
        "start": { "line": 34, "column": 4 },
        "end": { "line": 38, "column": 7 }
      },
      "13": {
        "start": { "line": 40, "column": 4 },
        "end": { "line": 52, "column": 5 }
      },
      "14": {
        "start": { "line": 41, "column": 32 },
        "end": { "line": 41, "column": 59 }
      },
      "15": {
        "start": { "line": 42, "column": 6 },
        "end": { "line": 45, "column": 9 }
      },
      "16": {
        "start": { "line": 47, "column": 6 },
        "end": { "line": 51, "column": 9 }
      },
      "17": {
        "start": { "line": 55, "column": 24 },
        "end": { "line": 58, "column": 3 }
      },
      "18": {
        "start": { "line": 56, "column": 4 },
        "end": { "line": 56, "column": 25 }
      },
      "19": {
        "start": { "line": 57, "column": 4 },
        "end": { "line": 57, "column": 25 }
      },
      "20": {
        "start": { "line": 61, "column": 4 },
        "end": { "line": 83, "column": 6 }
      },
      "21": {
        "start": { "line": 87, "column": 0 },
        "end": { "line": 87, "column": 19 }
      }
    },
    "fnMap": {
      "0": {
        "name": "(anonymous_1)",
        "decl": {
          "start": { "line": 17, "column": 2 },
          "end": { "line": 17, "column": 14 }
        },
        "loc": {
          "start": { "line": 17, "column": 29 },
          "end": { "line": 27, "column": 3 }
        }
      },
      "1": {
        "name": "(anonymous_2)",
        "decl": {
          "start": { "line": 29, "column": 2 },
          "end": { "line": 29, "column": 19 }
        },
        "loc": {
          "start": { "line": 29, "column": 19 },
          "end": { "line": 31, "column": 3 }
        }
      },
      "2": {
        "name": "(anonymous_3)",
        "decl": {
          "start": { "line": 33, "column": 14 },
          "end": { "line": 33, "column": 19 }
        },
        "loc": {
          "start": { "line": 33, "column": 37 },
          "end": { "line": 53, "column": 3 }
        }
      },
      "3": {
        "name": "(anonymous_4)",
        "decl": {
          "start": { "line": 55, "column": 24 },
          "end": { "line": 55, "column": 25 }
        },
        "loc": {
          "start": { "line": 55, "column": 41 },
          "end": { "line": 58, "column": 3 }
        }
      },
      "4": {
        "name": "(anonymous_5)",
        "decl": {
          "start": { "line": 60, "column": 2 },
          "end": { "line": 60, "column": 8 }
        },
        "loc": {
          "start": { "line": 60, "column": 8 },
          "end": { "line": 84, "column": 3 }
        }
      }
    },
    "branchMap": {
      "0": {
        "loc": {
          "start": { "line": 48, "column": 15 },
          "end": { "line": 48, "column": 67 }
        },
        "type": "cond-expr",
        "locations": [
          {
            "start": { "line": 48, "column": 38 },
            "end": { "line": 48, "column": 49 }
          },
          {
            "start": { "line": 48, "column": 52 },
            "end": { "line": 48, "column": 67 }
          }
        ]
      }
    },
    "s": {
      "0": 1,
      "1": 1,
      "2": 1,
      "3": 1,
      "4": 1,
      "5": 1,
      "6": 1,
      "7": 1,
      "8": 2,
      "9": 2,
      "10": 2,
      "11": 2,
      "12": 2,
      "13": 2,
      "14": 2,
      "15": 0,
      "16": 0,
      "17": 2,
      "18": 0,
      "19": 0,
      "20": 4,
      "21": 1
    },
    "f": { "0": 2, "1": 2, "2": 2, "3": 0, "4": 4 },
    "b": { "0": [0, 0] }
  },
  "W:\\alina\\projects\\lnrzhkv-REACT2025Q3\\src\\components\\ErrorButton\\ErrorButton.tsx": {
    "path": "W:\\alina\\projects\\lnrzhkv-REACT2025Q3\\src\\components\\ErrorButton\\ErrorButton.tsx",
    "statementMap": {
      "0": {
        "start": { "line": 1, "column": 0 },
        "end": { "line": 1, "column": 26 }
      },
      "1": {
        "start": { "line": 2, "column": 0 },
        "end": { "line": 2, "column": 46 }
      },
      "2": {
        "start": { "line": 5, "column": 10 },
        "end": { "line": 5, "column": 32 }
      },
      "3": {
        "start": { "line": 7, "column": 17 },
        "end": { "line": 9, "column": 3 }
      },
      "4": {
        "start": { "line": 8, "column": 4 },
        "end": { "line": 8, "column": 41 }
      },
      "5": {
        "start": { "line": 12, "column": 4 },
        "end": { "line": 14, "column": 5 }
      },
      "6": {
        "start": { "line": 13, "column": 6 },
        "end": { "line": 13, "column": 62 }
      },
      "7": {
        "start": { "line": 16, "column": 4 },
        "end": { "line": 20, "column": 6 }
      },
      "8": {
        "start": { "line": 24, "column": 0 },
        "end": { "line": 24, "column": 27 }
      }
    },
    "fnMap": {
      "0": {
        "name": "(anonymous_1)",
        "decl": {
          "start": { "line": 7, "column": 17 },
          "end": { "line": 7, "column": 20 }
        },
        "loc": {
          "start": { "line": 7, "column": 22 },
          "end": { "line": 9, "column": 3 }
        }
      },
      "1": {
        "name": "(anonymous_2)",
        "decl": {
          "start": { "line": 11, "column": 2 },
          "end": { "line": 11, "column": 8 }
        },
        "loc": {
          "start": { "line": 11, "column": 8 },
          "end": { "line": 21, "column": 3 }
        }
      }
    },
    "branchMap": {
      "0": {
        "loc": {
          "start": { "line": 12, "column": 4 },
          "end": { "line": 14, "column": 5 }
        },
        "type": "if",
        "locations": [
          {
            "start": { "line": 12, "column": 4 },
            "end": { "line": 14, "column": 5 }
          },
          { "start": {}, "end": {} }
        ]
      }
    },
    "s": {
      "0": 1,
      "1": 1,
      "2": 2,
      "3": 2,
      "4": 0,
      "5": 4,
      "6": 0,
      "7": 4,
      "8": 1
    },
    "f": { "0": 0, "1": 4 },
    "b": { "0": [0, 4] }
  },
  "W:\\alina\\projects\\lnrzhkv-REACT2025Q3\\src\\components\\Results\\Loader.tsx": {
    "path": "W:\\alina\\projects\\lnrzhkv-REACT2025Q3\\src\\components\\Results\\Loader.tsx",
    "statementMap": {
      "0": {
        "start": { "line": 1, "column": 0 },
        "end": { "line": 1, "column": 26 }
      },
      "1": {
        "start": { "line": 2, "column": 0 },
        "end": { "line": 2, "column": 42 }
      },
      "2": {
        "start": { "line": 6, "column": 4 },
        "end": { "line": 15, "column": 6 }
      },
      "3": {
        "start": { "line": 9, "column": 10 },
        "end": { "line": 9, "column": 23 }
      },
      "4": {
        "start": { "line": 19, "column": 0 },
        "end": { "line": 19, "column": 22 }
      }
    },
    "fnMap": {
      "0": {
        "name": "(anonymous_1)",
        "decl": {
          "start": { "line": 5, "column": 2 },
          "end": { "line": 5, "column": 8 }
        },
        "loc": {
          "start": { "line": 5, "column": 8 },
          "end": { "line": 16, "column": 3 }
        }
      },
      "1": {
        "name": "(anonymous_2)",
        "decl": {
          "start": { "line": 8, "column": 27 },
          "end": { "line": 8, "column": 28 }
        },
        "loc": {
          "start": { "line": 9, "column": 10 },
          "end": { "line": 9, "column": 23 }
        }
      }
    },
    "branchMap": {},
    "s": { "0": 1, "1": 1, "2": 4, "3": 20, "4": 1 },
    "f": { "0": 4, "1": 20 },
    "b": {}
  },
  "W:\\alina\\projects\\lnrzhkv-REACT2025Q3\\src\\components\\Results\\Results.tsx": {
    "path": "W:\\alina\\projects\\lnrzhkv-REACT2025Q3\\src\\components\\Results\\Results.tsx",
    "statementMap": {
      "0": {
        "start": { "line": 1, "column": 0 },
        "end": { "line": 1, "column": 26 }
      },
      "1": {
        "start": { "line": 2, "column": 0 },
        "end": { "line": 2, "column": 60 }
      },
      "2": {
        "start": { "line": 3, "column": 0 },
        "end": { "line": 3, "column": 30 }
      },
      "3": {
        "start": { "line": 4, "column": 0 },
        "end": { "line": 4, "column": 40 }
      },
      "4": {
        "start": { "line": 5, "column": 0 },
        "end": { "line": 5, "column": 42 }
      },
      "5": {
        "start": { "line": 8, "column": 23 },
        "end": { "line": 8, "column": 36 }
      },
      "6": {
        "start": { "line": 12, "column": 43 },
        "end": { "line": 12, "column": 55 }
      },
      "7": {
        "start": { "line": 14, "column": 4 },
        "end": { "line": 16, "column": 5 }
      },
      "8": {
        "start": { "line": 15, "column": 6 },
        "end": { "line": 15, "column": 24 }
      },
      "9": {
        "start": { "line": 18, "column": 4 },
        "end": { "line": 25, "column": 5 }
      },
      "10": {
        "start": { "line": 19, "column": 6 },
        "end": { "line": 24, "column": 8 }
      },
      "11": {
        "start": { "line": 27, "column": 4 },
        "end": { "line": 29, "column": 5 }
      },
      "12": {
        "start": { "line": 28, "column": 6 },
        "end": { "line": 28, "column": 70 }
      },
      "13": {
        "start": { "line": 31, "column": 4 },
        "end": { "line": 37, "column": 6 }
      },
      "14": {
        "start": { "line": 34, "column": 10 },
        "end": { "line": 34, "column": 42 }
      },
      "15": {
        "start": { "line": 41, "column": 0 },
        "end": { "line": 41, "column": 23 }
      }
    },
    "fnMap": {
      "0": {
        "name": "(anonymous_1)",
        "decl": {
          "start": { "line": 11, "column": 2 },
          "end": { "line": 11, "column": 8 }
        },
        "loc": {
          "start": { "line": 11, "column": 8 },
          "end": { "line": 38, "column": 3 }
        }
      },
      "1": {
        "name": "(anonymous_2)",
        "decl": {
          "start": { "line": 33, "column": 24 },
          "end": { "line": 33, "column": 25 }
        },
        "loc": {
          "start": { "line": 34, "column": 10 },
          "end": { "line": 34, "column": 42 }
        }
      }
    },
    "branchMap": {
      "0": {
        "loc": {
          "start": { "line": 14, "column": 4 },
          "end": { "line": 16, "column": 5 }
        },
        "type": "if",
        "locations": [
          {
            "start": { "line": 14, "column": 4 },
            "end": { "line": 16, "column": 5 }
          },
          { "start": {}, "end": {} }
        ]
      },
      "1": {
        "loc": {
          "start": { "line": 18, "column": 4 },
          "end": { "line": 25, "column": 5 }
        },
        "type": "if",
        "locations": [
          {
            "start": { "line": 18, "column": 4 },
            "end": { "line": 25, "column": 5 }
          },
          { "start": {}, "end": {} }
        ]
      },
      "2": {
        "loc": {
          "start": { "line": 27, "column": 4 },
          "end": { "line": 29, "column": 5 }
        },
        "type": "if",
        "locations": [
          {
            "start": { "line": 27, "column": 4 },
            "end": { "line": 29, "column": 5 }
          },
          { "start": {}, "end": {} }
        ]
      }
    },
    "s": {
      "0": 1,
      "1": 1,
      "2": 1,
      "3": 1,
      "4": 1,
      "5": 1,
      "6": 4,
      "7": 4,
      "8": 4,
      "9": 0,
      "10": 0,
      "11": 0,
      "12": 0,
      "13": 0,
      "14": 0,
      "15": 1
    },
    "f": { "0": 4, "1": 0 },
    "b": { "0": [4, 0], "1": [0, 0], "2": [0, 0] }
  },
  "W:\\alina\\projects\\lnrzhkv-REACT2025Q3\\src\\components\\Results\\ResultsItem.tsx": {
    "path": "W:\\alina\\projects\\lnrzhkv-REACT2025Q3\\src\\components\\Results\\ResultsItem.tsx",
    "statementMap": {
      "0": {
        "start": { "line": 1, "column": 0 },
        "end": { "line": 1, "column": 26 }
      },
      "1": {
        "start": { "line": 2, "column": 0 },
        "end": { "line": 2, "column": 42 }
      },
      "2": {
        "start": { "line": 7, "column": 26 },
        "end": { "line": 7, "column": 36 }
      },
      "3": {
        "start": { "line": 8, "column": 4 },
        "end": { "line": 18, "column": 6 }
      },
      "4": {
        "start": { "line": 15, "column": 45 },
        "end": { "line": 15, "column": 56 }
      },
      "5": {
        "start": { "line": 22, "column": 0 },
        "end": { "line": 22, "column": 27 }
      }
    },
    "fnMap": {
      "0": {
        "name": "(anonymous_1)",
        "decl": {
          "start": { "line": 6, "column": 2 },
          "end": { "line": 6, "column": 8 }
        },
        "loc": {
          "start": { "line": 6, "column": 8 },
          "end": { "line": 19, "column": 3 }
        }
      },
      "1": {
        "name": "(anonymous_2)",
        "decl": {
          "start": { "line": 15, "column": 38 },
          "end": { "line": 15, "column": 39 }
        },
        "loc": {
          "start": { "line": 15, "column": 45 },
          "end": { "line": 15, "column": 56 }
        }
      }
    },
    "branchMap": {},
    "s": { "0": 1, "1": 1, "2": 0, "3": 0, "4": 0, "5": 1 },
    "f": { "0": 0, "1": 0 },
    "b": {}
  },
  "W:\\alina\\projects\\lnrzhkv-REACT2025Q3\\src\\components\\Search\\Search.tsx": {
    "path": "W:\\alina\\projects\\lnrzhkv-REACT2025Q3\\src\\components\\Search\\Search.tsx",
    "statementMap": {
      "0": {
        "start": { "line": 1, "column": 0 },
        "end": { "line": 1, "column": 26 }
      },
      "1": {
        "start": { "line": 2, "column": 0 },
        "end": { "line": 2, "column": 60 }
      },
      "2": {
        "start": { "line": 3, "column": 0 },
        "end": { "line": 3, "column": 41 }
      },
      "3": {
        "start": { "line": 6, "column": 23 },
        "end": { "line": 6, "column": 36 }
      },
      "4": {
        "start": { "line": 9, "column": 10 },
        "end": { "line": 11, "column": 4 }
      },
      "5": {
        "start": { "line": 14, "column": 4 },
        "end": { "line": 14, "column": 59 }
      },
      "6": {
        "start": { "line": 17, "column": 17 },
        "end": { "line": 19, "column": 3 }
      },
      "7": {
        "start": { "line": 18, "column": 4 },
        "end": { "line": 18, "column": 50 }
      },
      "8": {
        "start": { "line": 21, "column": 17 },
        "end": { "line": 24, "column": 3 }
      },
      "9": {
        "start": { "line": 22, "column": 26 },
        "end": { "line": 22, "column": 54 }
      },
      "10": {
        "start": { "line": 23, "column": 4 },
        "end": { "line": 23, "column": 46 }
      },
      "11": {
        "start": { "line": 27, "column": 4 },
        "end": { "line": 40, "column": 6 }
      },
      "12": {
        "start": { "line": 44, "column": 0 },
        "end": { "line": 44, "column": 22 }
      }
    },
    "fnMap": {
      "0": {
        "name": "(anonymous_1)",
        "decl": {
          "start": { "line": 13, "column": 2 },
          "end": { "line": 13, "column": 19 }
        },
        "loc": {
          "start": { "line": 13, "column": 19 },
          "end": { "line": 15, "column": 3 }
        }
      },
      "1": {
        "name": "(anonymous_2)",
        "decl": {
          "start": { "line": 17, "column": 17 },
          "end": { "line": 17, "column": 18 }
        },
        "loc": {
          "start": { "line": 17, "column": 60 },
          "end": { "line": 19, "column": 3 }
        }
      },
      "2": {
        "name": "(anonymous_3)",
        "decl": {
          "start": { "line": 21, "column": 17 },
          "end": { "line": 21, "column": 20 }
        },
        "loc": {
          "start": { "line": 21, "column": 22 },
          "end": { "line": 24, "column": 3 }
        }
      },
      "3": {
        "name": "(anonymous_4)",
        "decl": {
          "start": { "line": 26, "column": 2 },
          "end": { "line": 26, "column": 8 }
        },
        "loc": {
          "start": { "line": 26, "column": 8 },
          "end": { "line": 41, "column": 3 }
        }
      }
    },
    "branchMap": {},
    "s": {
      "0": 1,
      "1": 1,
      "2": 1,
      "3": 1,
      "4": 2,
      "5": 2,
      "6": 2,
      "7": 0,
      "8": 2,
      "9": 0,
      "10": 0,
      "11": 4,
      "12": 1
    },
    "f": { "0": 2, "1": 0, "2": 0, "3": 4 },
    "b": {}
  },
  "W:\\alina\\projects\\lnrzhkv-REACT2025Q3\\src\\context\\SearchContext.tsx": {
    "path": "W:\\alina\\projects\\lnrzhkv-REACT2025Q3\\src\\context\\SearchContext.tsx",
    "statementMap": {
      "0": {
        "start": { "line": 1, "column": 0 },
        "end": { "line": 1, "column": 26 }
      },
      "1": {
        "start": { "line": 13, "column": 13 },
        "end": { "line": 20, "column": 3 }
      }
    },
    "fnMap": {
      "0": {
        "name": "(anonymous_1)",
        "decl": {
          "start": { "line": 15, "column": 17 },
          "end": { "line": 15, "column": 20 }
        },
        "loc": {
          "start": { "line": 15, "column": 22 },
          "end": { "line": 15, "column": 25 }
        }
      },
      "1": {
        "name": "(anonymous_2)",
        "decl": {
          "start": { "line": 19, "column": 13 },
          "end": { "line": 19, "column": 18 }
        },
        "loc": {
          "start": { "line": 19, "column": 24 },
          "end": { "line": 19, "column": 27 }
        }
      }
    },
    "branchMap": {},
    "s": { "0": 1, "1": 1 },
    "f": { "0": 0, "1": 0 },
    "b": {}
  },
  "W:\\alina\\projects\\lnrzhkv-REACT2025Q3\\src\\services\\api\\api.ts": {
    "path": "W:\\alina\\projects\\lnrzhkv-REACT2025Q3\\src\\services\\api\\api.ts",
    "statementMap": {
      "0": {
        "start": { "line": 1, "column": 0 },
        "end": { "line": 1, "column": 26 }
      },
      "1": {
        "start": { "line": 4, "column": 17 },
        "end": { "line": 4, "column": 44 }
      },
      "2": {
        "start": { "line": 6, "column": 31 },
        "end": { "line": 54, "column": 1 }
      },
      "3": {
        "start": { "line": 10, "column": 16 },
        "end": { "line": 10, "column": 18 }
      },
      "4": {
        "start": { "line": 11, "column": 17 },
        "end": { "line": 11, "column": 35 }
      },
      "5": {
        "start": { "line": 13, "column": 2 },
        "end": { "line": 33, "column": 3 }
      },
      "6": {
        "start": { "line": 14, "column": 4 },
        "end": { "line": 32, "column": 5 }
      },
      "7": {
        "start": { "line": 15, "column": 23 },
        "end": { "line": 16, "column": null }
      },
      "8": {
        "start": { "line": 18, "column": 6 },
        "end": { "line": 29, "column": 8 }
      },
      "9": {
        "start": { "line": 31, "column": 6 },
        "end": { "line": 31, "column": 39 }
      },
      "10": {
        "start": { "line": 35, "column": 19 },
        "end": { "line": 37, "column": 4 }
      },
      "11": {
        "start": { "line": 39, "column": 27 },
        "end": { "line": 40, "column": null }
      },
      "12": {
        "start": { "line": 40, "column": 4 },
        "end": { "line": 40, "column": 26 }
      },
      "13": {
        "start": { "line": 43, "column": 28 },
        "end": { "line": 43, "column": 63 }
      },
      "14": {
        "start": { "line": 44, "column": 2 },
        "end": { "line": 53, "column": 4 }
      },
      "15": {
        "start": { "line": 45, "column": 45 },
        "end": { "line": 51, "column": 6 }
      },
      "16": {
        "start": { "line": 6, "column": 13 },
        "end": { "line": 6, "column": 31 }
      }
    },
    "fnMap": {
      "0": {
        "name": "(anonymous_1)",
        "decl": {
          "start": { "line": 6, "column": 31 },
          "end": { "line": 6, "column": 36 }
        },
        "loc": {
          "start": { "line": 9, "column": 26 },
          "end": { "line": 54, "column": 1 }
        }
      },
      "1": {
        "name": "(anonymous_2)",
        "decl": {
          "start": { "line": 39, "column": 53 },
          "end": { "line": 39, "column": 54 }
        },
        "loc": {
          "start": { "line": 40, "column": 4 },
          "end": { "line": 40, "column": 26 }
        }
      },
      "2": {
        "name": "(anonymous_3)",
        "decl": {
          "start": { "line": 45, "column": 35 },
          "end": { "line": 45, "column": 36 }
        },
        "loc": {
          "start": { "line": 45, "column": 45 },
          "end": { "line": 51, "column": 6 }
        }
      }
    },
    "branchMap": {
      "0": {
        "loc": {
          "start": { "line": 7, "column": 2 },
          "end": { "line": 7, "column": 17 }
        },
        "type": "default-arg",
        "locations": [
          {
            "start": { "line": 7, "column": 15 },
            "end": { "line": 7, "column": 17 }
          }
        ]
      },
      "1": {
        "loc": {
          "start": { "line": 8, "column": 2 },
          "end": { "line": 8, "column": 10 }
        },
        "type": "default-arg",
        "locations": [
          {
            "start": { "line": 8, "column": 9 },
            "end": { "line": 8, "column": 10 }
          }
        ]
      },
      "2": {
        "loc": {
          "start": { "line": 13, "column": 2 },
          "end": { "line": 33, "column": 3 }
        },
        "type": "if",
        "locations": [
          {
            "start": { "line": 13, "column": 2 },
            "end": { "line": 33, "column": 3 }
          },
          { "start": {}, "end": {} }
        ]
      }
    },
    "s": {
      "0": 1,
      "1": 1,
      "2": 1,
      "3": 2,
      "4": 2,
      "5": 2,
      "6": 0,
      "7": 0,
      "8": 0,
      "9": 0,
      "10": 2,
      "11": 0,
      "12": 0,
      "13": 0,
      "14": 0,
      "15": 0,
      "16": 1
    },
    "f": { "0": 2, "1": 0, "2": 0 },
    "b": { "0": [0], "1": [2], "2": [0, 2] }
  },
  "W:\\alina\\projects\\lnrzhkv-REACT2025Q3\\src\\utils\\storage.ts": {
    "path": "W:\\alina\\projects\\lnrzhkv-REACT2025Q3\\src\\utils\\storage.ts",
    "statementMap": {
      "0": {
        "start": { "line": 1, "column": 29 },
        "end": { "line": 3, "column": 1 }
      },
      "1": {
        "start": { "line": 2, "column": 2 },
        "end": { "line": 2, "column": 60 }
      },
      "2": {
        "start": { "line": 1, "column": 13 },
        "end": { "line": 1, "column": 29 }
      },
      "3": {
        "start": { "line": 5, "column": 30 },
        "end": { "line": 7, "column": 1 }
      },
      "4": {
        "start": { "line": 6, "column": 2 },
        "end": { "line": 6, "column": 43 }
      },
      "5": {
        "start": { "line": 5, "column": 13 },
        "end": { "line": 5, "column": 30 }
      }
    },
    "fnMap": {
      "0": {
        "name": "(anonymous_0)",
        "decl": {
          "start": { "line": 1, "column": 29 },
          "end": { "line": 1, "column": 30 }
        },
        "loc": {
          "start": { "line": 1, "column": 59 },
          "end": { "line": 3, "column": 1 }
        }
      },
      "1": {
        "name": "(anonymous_1)",
        "decl": {
          "start": { "line": 5, "column": 30 },
          "end": { "line": 5, "column": 31 }
        },
        "loc": {
          "start": { "line": 5, "column": 53 },
          "end": { "line": 7, "column": 1 }
        }
      }
    },
    "branchMap": {
      "0": {
        "loc": {
          "start": { "line": 1, "column": 30 },
          "end": { "line": 1, "column": 47 }
        },
        "type": "default-arg",
        "locations": [
          {
            "start": { "line": 1, "column": 45 },
            "end": { "line": 1, "column": 47 }
          }
        ]
      },
      "1": {
        "loc": {
          "start": { "line": 2, "column": 9 },
          "end": { "line": 2, "column": 59 }
        },
        "type": "binary-expr",
        "locations": [
          {
            "start": { "line": 2, "column": 9 },
            "end": { "line": 2, "column": 43 }
          },
          {
            "start": { "line": 2, "column": 47 },
            "end": { "line": 2, "column": 59 }
          }
        ]
      }
    },
    "s": { "0": 1, "1": 2, "2": 1, "3": 1, "4": 0, "5": 1 },
    "f": { "0": 2, "1": 0 },
    "b": { "0": [2], "1": [2, 2] }
  }
}
