TN:
SF:src\components\App\App.tsx
FN:17,(anonymous_1)
FN:29,(anonymous_2)
FN:33,(anonymous_3)
FN:55,(anonymous_4)
FN:60,(anonymous_5)
FNF:5
FNH:4
FNDA:5,(anonymous_1)
FNDA:5,(anonymous_2)
FNDA:5,(anonymous_3)
FNDA:0,(anonymous_4)
FNDA:15,(anonymous_5)
DA:1,1
DA:2,1
DA:6,1
DA:7,1
DA:8,1
DA:10,1
DA:11,1
DA:12,1
DA:18,5
DA:19,5
DA:30,5
DA:33,5
DA:34,5
DA:40,5
DA:41,5
DA:42,1
DA:47,5
DA:55,5
DA:56,0
DA:57,0
DA:61,15
DA:67,15
DA:97,1
LF:23
LH:21
BRDA:48,0,0,2
BRDA:48,0,1,3
BRF:2
BRH:2
end_of_record
TN:
SF:src\components\ErrorBoundary\ErrorBoundary.tsx
FN:15,(anonymous_1)
FN:19,(anonymous_2)
FN:23,(anonymous_3)
FNF:3
FNH:3
FNDA:6,(anonymous_1)
FNDA:3,(anonymous_2)
FNDA:11,(anonymous_3)
DA:1,1
DA:2,1
DA:13,5
DA:16,6
DA:20,3
DA:24,11
DA:25,6
DA:39,5
DA:43,1
LF:9
LH:9
BRDA:24,0,0,6
BRDA:24,0,1,5
BRDA:32,1,0,6
BRDA:32,1,1,2
BRF:4
BRH:4
end_of_record
TN:
SF:src\components\ErrorButton\ErrorButton.tsx
FN:7,(anonymous_1)
FN:11,(anonymous_2)
FNF:2
FNH:2
FNDA:3,(anonymous_1)
FNDA:10,(anonymous_2)
DA:1,2
DA:2,2
DA:5,4
DA:7,4
DA:8,3
DA:12,10
DA:13,6
DA:16,4
DA:28,2
LF:9
LH:9
BRDA:12,0,0,6
BRDA:12,0,1,4
BRF:2
BRH:2
end_of_record
TN:
SF:src\components\Results\Loader.tsx
FN:5,(anonymous_1)
FN:8,(anonymous_2)
FNF:2
FNH:2
FNDA:3,(anonymous_1)
FNDA:15,(anonymous_2)
DA:1,2
DA:2,2
DA:6,3
DA:9,15
DA:19,2
LF:5
LH:5
BRF:0
BRH:0
end_of_record
TN:
SF:src\components\Results\Results.tsx
FN:11,(anonymous_1)
FN:33,(anonymous_2)
FNF:2
FNH:2
FNDA:4,(anonymous_1)
FNDA:2,(anonymous_2)
DA:1,1
DA:2,1
DA:3,1
DA:4,1
DA:5,1
DA:8,1
DA:12,4
DA:14,4
DA:15,1
DA:18,3
DA:19,1
DA:27,2
DA:28,1
DA:31,1
DA:34,2
DA:41,1
LF:16
LH:16
BRDA:14,0,0,1
BRDA:14,0,1,3
BRDA:18,1,0,1
BRDA:18,1,1,2
BRDA:27,2,0,1
BRDA:27,2,1,1
BRF:6
BRH:6
end_of_record
TN:
SF:src\components\Results\ResultsItem.tsx
FN:6,(anonymous_1)
FN:18,(anonymous_2)
FNF:2
FNH:2
FNDA:6,(anonymous_1)
FNDA:7,(anonymous_2)
DA:1,2
DA:2,2
DA:7,6
DA:8,6
DA:18,7
DA:25,2
LF:6
LH:6
BRF:0
BRH:0
end_of_record
TN:
SF:src\components\Search\Search.tsx
FN:13,(anonymous_1)
FN:17,(anonymous_2)
FN:21,(anonymous_3)
FN:26,(anonymous_4)
FNF:4
FNH:4
FNDA:5,(anonymous_1)
FNDA:2,(anonymous_2)
FNDA:1,(anonymous_3)
FNDA:12,(anonymous_4)
DA:1,1
DA:2,1
DA:3,1
DA:6,1
DA:9,5
DA:14,5
DA:17,5
DA:18,2
DA:21,5
DA:22,1
DA:23,1
DA:27,12
DA:49,1
LF:13
LH:13
BRF:0
BRH:0
end_of_record
TN:
SF:src\context\SearchContext.tsx
FN:15,(anonymous_1)
FN:19,(anonymous_2)
FNF:2
FNH:0
FNDA:0,(anonymous_1)
FNDA:0,(anonymous_2)
DA:1,4
DA:13,4
LF:2
LH:2
BRF:0
BRH:0
end_of_record
