TN:
SF:src\components\App\App.tsx
FN:17,(anonymous_1)
FN:29,(anonymous_2)
FN:33,(anonymous_3)
FN:55,(anonymous_4)
FN:60,(anonymous_5)
FNF:5
FNH:4
FNDA:2,(anonymous_1)
FNDA:2,(anonymous_2)
FNDA:2,(anonymous_3)
FNDA:0,(anonymous_4)
FNDA:4,(anonymous_5)
DA:1,1
DA:2,1
DA:6,1
DA:7,1
DA:8,1
DA:10,1
DA:11,1
DA:12,1
DA:18,2
DA:19,2
DA:30,2
DA:33,2
DA:34,2
DA:40,2
DA:41,2
DA:42,0
DA:47,0
DA:55,2
DA:56,0
DA:57,0
DA:61,4
DA:87,1
LF:22
LH:18
BRDA:48,0,0,0
BRDA:48,0,1,0
BRF:2
BRH:0
end_of_record
TN:
SF:src\components\ErrorButton\ErrorButton.tsx
FN:7,(anonymous_1)
FN:11,(anonymous_2)
FNF:2
FNH:1
FNDA:0,(anonymous_1)
FNDA:4,(anonymous_2)
DA:1,1
DA:2,1
DA:5,2
DA:7,2
DA:8,0
DA:12,4
DA:13,0
DA:16,4
DA:24,1
LF:9
LH:7
BRDA:12,0,0,0
BRDA:12,0,1,4
BRF:2
BRH:1
end_of_record
TN:
SF:src\components\Results\Loader.tsx
FN:5,(anonymous_1)
FN:8,(anonymous_2)
FNF:2
FNH:2
FNDA:4,(anonymous_1)
FNDA:20,(anonymous_2)
DA:1,1
DA:2,1
DA:6,4
DA:9,20
DA:19,1
LF:5
LH:5
BRF:0
BRH:0
end_of_record
TN:
SF:src\components\Results\Results.tsx
FN:11,(anonymous_1)
FN:33,(anonymous_2)
FNF:2
FNH:1
FNDA:4,(anonymous_1)
FNDA:0,(anonymous_2)
DA:1,1
DA:2,1
DA:3,1
DA:4,1
DA:5,1
DA:8,1
DA:12,4
DA:14,4
DA:15,4
DA:18,0
DA:19,0
DA:27,0
DA:28,0
DA:31,0
DA:34,0
DA:41,1
LF:16
LH:10
BRDA:14,0,0,4
BRDA:14,0,1,0
BRDA:18,1,0,0
BRDA:18,1,1,0
BRDA:27,2,0,0
BRDA:27,2,1,0
BRF:6
BRH:1
end_of_record
TN:
SF:src\components\Results\ResultsItem.tsx
FN:6,(anonymous_1)
FN:15,(anonymous_2)
FNF:2
FNH:0
FNDA:0,(anonymous_1)
FNDA:0,(anonymous_2)
DA:1,1
DA:2,1
DA:7,0
DA:8,0
DA:15,0
DA:22,1
LF:6
LH:3
BRF:0
BRH:0
end_of_record
TN:
SF:src\components\Search\Search.tsx
FN:13,(anonymous_1)
FN:17,(anonymous_2)
FN:21,(anonymous_3)
FN:26,(anonymous_4)
FNF:4
FNH:2
FNDA:2,(anonymous_1)
FNDA:0,(anonymous_2)
FNDA:0,(anonymous_3)
FNDA:4,(anonymous_4)
DA:1,1
DA:2,1
DA:3,1
DA:6,1
DA:9,2
DA:14,2
DA:17,2
DA:18,0
DA:21,2
DA:22,0
DA:23,0
DA:27,4
DA:44,1
LF:13
LH:10
BRF:0
BRH:0
end_of_record
TN:
SF:src\context\SearchContext.tsx
FN:15,(anonymous_1)
FN:19,(anonymous_2)
FNF:2
FNH:0
FNDA:0,(anonymous_1)
FNDA:0,(anonymous_2)
DA:1,1
DA:13,1
LF:2
LH:2
BRF:0
BRH:0
end_of_record
TN:
SF:src\services\api\api.ts
FN:6,(anonymous_1)
FN:39,(anonymous_2)
FN:45,(anonymous_3)
FNF:3
FNH:1
FNDA:2,(anonymous_1)
FNDA:0,(anonymous_2)
FNDA:0,(anonymous_3)
DA:1,1
DA:4,1
DA:6,1
DA:10,2
DA:11,2
DA:13,2
DA:14,0
DA:15,0
DA:18,0
DA:31,0
DA:35,2
DA:39,0
DA:40,0
DA:43,0
DA:44,0
DA:45,0
LF:16
LH:7
BRDA:7,0,0,0
BRDA:8,1,0,2
BRDA:13,2,0,0
BRDA:13,2,1,2
BRF:4
BRH:2
end_of_record
TN:
SF:src\utils\storage.ts
FN:1,(anonymous_0)
FN:5,(anonymous_1)
FNF:2
FNH:1
FNDA:2,(anonymous_0)
FNDA:0,(anonymous_1)
DA:1,1
DA:2,2
DA:5,1
DA:6,0
LF:4
LH:3
BRDA:1,0,0,2
BRDA:2,1,0,2
BRDA:2,1,1,2
BRF:3
BRH:3
end_of_record
